2025-08-23 12:22:50.681   Log opened. (Time zone: UTC+03:00)
2025-08-23 12:22:50.683   Setup version: Inno Setup version 6.3.1
2025-08-23 12:22:50.684   Original Setup EXE: \\192.168.1.169\local\programs\Python\discord-call-recorder\bin\recorder-devices-0.12.10-setup.exe
2025-08-23 12:22:50.684   Setup command line: /SL5="$E60DCC,844339,776192,\\192.168.1.169\local\programs\Python\discord-call-recorder\bin\recorder-devices-0.12.10-setup.exe" /SPAWNWND=$2E0E42 /NOTIFYWND=$19C0E20 /nocancel /closeapplications /norestart /sp /verysilent /log=virtual-device-capturer.log /norestart /restartexitcode=657 /nocloseapplications
2025-08-23 12:22:50.684   Windows version: 10.0.26100
2025-08-23 12:22:50.684   Windows architecture: x64 (64-bit)
2025-08-23 12:22:50.684   Machine types supported by system: x86 x64
2025-08-23 12:22:50.684   User privileges: Administrative
2025-08-23 12:22:50.686   Administrative install mode: Yes
2025-08-23 12:22:50.686   Install mode root key: HKEY_LOCAL_MACHINE
2025-08-23 12:22:50.686   64-bit install mode: Yes
2025-08-23 12:22:50.686   Created protected temporary directory: C:\Users\Agam\AppData\Local\Temp\is-JKAKB.tmp
2025-08-23 12:22:50.762   Found 2 files to register with RestartManager.
2025-08-23 12:22:50.762   Calling RestartManager's RmGetList.
2025-08-23 12:22:50.799   RmGetList finished successfully.
2025-08-23 12:22:50.799   RestartManager found an application using one of our files: Google Chrome
2025-08-23 12:22:50.799   Can use RestartManager to avoid reboot? Yes (0)
2025-08-23 12:22:50.805   Starting the installation process.
2025-08-23 12:22:50.808   Shutting down applications using our files.
2025-08-23 12:22:50.843   Some applications could not be shut down.
2025-08-23 12:22:50.845   Message box (Abort/Retry/Ignore):
                          Setup was unable to automatically close all applications. It is recommended that you close all applications using files that need to be updated by Setup before continuing.
2025-08-23 12:22:52.451   User chose Abort.
2025-08-23 12:22:52.451   User canceled the installation process.
2025-08-23 12:22:52.453   Rolling back changes.
2025-08-23 12:22:52.453   Starting the uninstallation process.
2025-08-23 12:22:52.453   Uninstallation process succeeded.
2025-08-23 12:22:52.453   Deinitializing Setup.
2025-08-23 12:22:52.469   Log closed.
